<?xml version="1.0" encoding="UTF-8"?>
<testsuite xmlns:xsi="http://www.w3.org/2001/XMLSchema-instance" xsi:noNamespaceSchemaLocation="https://maven.apache.org/surefire/maven-surefire-plugin/xsd/surefire-test-report-3.0.xsd" version="3.0" name="com.chat.java.simple.AppTest" time="0.022" tests="1" errors="0" skipped="0" failures="0">
  <properties>
    <property name="java.specification.version" value="21"/>
    <property name="sun.jnu.encoding" value="UTF-8"/>
    <property name="java.class.path" value="/home/louis/Downloads/Programming/Git/Chat-App/java-chat/target/test-classes:/home/louis/Downloads/Programming/Git/Chat-App/java-chat/target/classes:/home/louis/.m2/repository/junit/junit/4.13.2/junit-4.13.2.jar:/home/louis/.m2/repository/org/hamcrest/hamcrest-core/1.3/hamcrest-core-1.3.jar:/home/louis/.m2/repository/org/igniterealtime/smack/smack-tcp/4.4.8/smack-tcp-4.4.8.jar:/home/louis/.m2/repository/org/igniterealtime/smack/smack-streammanagement/4.4.8/smack-streammanagement-4.4.8.jar:/home/louis/.m2/repository/org/igniterealtime/smack/smack-core/4.4.8/smack-core-4.4.8.jar:/home/louis/.m2/repository/org/igniterealtime/smack/smack-xmlparser/4.4.8/smack-xmlparser-4.4.8.jar:/home/louis/.m2/repository/org/jxmpp/jxmpp-core/1.0.3/jxmpp-core-1.0.3.jar:/home/louis/.m2/repository/org/jxmpp/jxmpp-util-cache/1.0.3/jxmpp-util-cache-1.0.3.jar:/home/louis/.m2/repository/org/jxmpp/jxmpp-jid/1.0.3/jxmpp-jid-1.0.3.jar:/home/louis/.m2/repository/org/minidns/minidns-core/1.0.5/minidns-core-1.0.5.jar:/home/louis/.m2/repository/org/igniterealtime/smack/smack-extensions/4.4.8/smack-extensions-4.4.8.jar:/home/louis/.m2/repository/org/igniterealtime/smack/smack-im/4.4.8/smack-im-4.4.8.jar:/home/louis/.m2/repository/org/igniterealtime/smack/smack-java8/4.4.8/smack-java8-4.4.8.jar:/home/louis/.m2/repository/org/igniterealtime/smack/smack-resolver-javax/4.4.8/smack-resolver-javax-4.4.8.jar:/home/louis/.m2/repository/org/igniterealtime/smack/smack-sasl-javax/4.4.8/smack-sasl-javax-4.4.8.jar:/home/louis/.m2/repository/org/igniterealtime/smack/smack-xmlparser-stax/4.4.8/smack-xmlparser-stax-4.4.8.jar:/home/louis/.m2/repository/org/igniterealtime/smack/smackx/3.2.1/smackx-3.2.1.jar:"/>
    <property name="java.vm.vendor" value="Arch Linux"/>
    <property name="sun.arch.data.model" value="64"/>
    <property name="java.vendor.url" value="https://openjdk.org/"/>
    <property name="os.name" value="Linux"/>
    <property name="java.vm.specification.version" value="21"/>
    <property name="sun.java.launcher" value="SUN_STANDARD"/>
    <property name="user.country" value="BR"/>
    <property name="sun.boot.library.path" value="/usr/lib/jvm/java-21-openjdk/lib"/>
    <property name="sun.java.command" value="/home/louis/Downloads/Programming/Git/Chat-App/java-chat/target/surefire/surefirebooter-20250521091117121_3.jar /home/louis/Downloads/Programming/Git/Chat-App/java-chat/target/surefire 2025-05-21T09-11-17_071-jvmRun1 surefire-20250521091117121_1tmp surefire_0-20250521091117121_2tmp"/>
    <property name="jdk.debug" value="release"/>
    <property name="surefire.test.class.path" value="/home/louis/Downloads/Programming/Git/Chat-App/java-chat/target/test-classes:/home/louis/Downloads/Programming/Git/Chat-App/java-chat/target/classes:/home/louis/.m2/repository/junit/junit/4.13.2/junit-4.13.2.jar:/home/louis/.m2/repository/org/hamcrest/hamcrest-core/1.3/hamcrest-core-1.3.jar:/home/louis/.m2/repository/org/igniterealtime/smack/smack-tcp/4.4.8/smack-tcp-4.4.8.jar:/home/louis/.m2/repository/org/igniterealtime/smack/smack-streammanagement/4.4.8/smack-streammanagement-4.4.8.jar:/home/louis/.m2/repository/org/igniterealtime/smack/smack-core/4.4.8/smack-core-4.4.8.jar:/home/louis/.m2/repository/org/igniterealtime/smack/smack-xmlparser/4.4.8/smack-xmlparser-4.4.8.jar:/home/louis/.m2/repository/org/jxmpp/jxmpp-core/1.0.3/jxmpp-core-1.0.3.jar:/home/louis/.m2/repository/org/jxmpp/jxmpp-util-cache/1.0.3/jxmpp-util-cache-1.0.3.jar:/home/louis/.m2/repository/org/jxmpp/jxmpp-jid/1.0.3/jxmpp-jid-1.0.3.jar:/home/louis/.m2/repository/org/minidns/minidns-core/1.0.5/minidns-core-1.0.5.jar:/home/louis/.m2/repository/org/igniterealtime/smack/smack-extensions/4.4.8/smack-extensions-4.4.8.jar:/home/louis/.m2/repository/org/igniterealtime/smack/smack-im/4.4.8/smack-im-4.4.8.jar:/home/louis/.m2/repository/org/igniterealtime/smack/smack-java8/4.4.8/smack-java8-4.4.8.jar:/home/louis/.m2/repository/org/igniterealtime/smack/smack-resolver-javax/4.4.8/smack-resolver-javax-4.4.8.jar:/home/louis/.m2/repository/org/igniterealtime/smack/smack-sasl-javax/4.4.8/smack-sasl-javax-4.4.8.jar:/home/louis/.m2/repository/org/igniterealtime/smack/smack-xmlparser-stax/4.4.8/smack-xmlparser-stax-4.4.8.jar:/home/louis/.m2/repository/org/igniterealtime/smack/smackx/3.2.1/smackx-3.2.1.jar:"/>
    <property name="sun.cpu.endian" value="little"/>
    <property name="user.home" value="/home/louis"/>
    <property name="user.language" value="pt"/>
    <property name="java.specification.vendor" value="Oracle Corporation"/>
    <property name="java.version.date" value="2025-04-15"/>
    <property name="java.home" value="/usr/lib/jvm/java-21-openjdk"/>
    <property name="file.separator" value="/"/>
    <property name="basedir" value="/home/louis/Downloads/Programming/Git/Chat-App/java-chat"/>
    <property name="java.vm.compressedOopsMode" value="Zero based"/>
    <property name="line.separator" value="&#10;"/>
    <property name="java.specification.name" value="Java Platform API Specification"/>
    <property name="java.vm.specification.vendor" value="Oracle Corporation"/>
    <property name="surefire.real.class.path" value="/home/louis/Downloads/Programming/Git/Chat-App/java-chat/target/surefire/surefirebooter-20250521091117121_3.jar"/>
    <property name="sun.management.compiler" value="HotSpot 64-Bit Tiered Compilers"/>
    <property name="java.runtime.version" value="21.0.7+6"/>
    <property name="user.name" value="louis"/>
    <property name="stdout.encoding" value="UTF-8"/>
    <property name="path.separator" value=":"/>
    <property name="os.version" value="6.12.29-1-lts"/>
    <property name="java.runtime.name" value="OpenJDK Runtime Environment"/>
    <property name="file.encoding" value="UTF-8"/>
    <property name="java.vm.name" value="OpenJDK 64-Bit Server VM"/>
    <property name="localRepository" value="/home/louis/.m2/repository"/>
    <property name="java.vendor.url.bug" value="https://bugreport.java.com/bugreport/"/>
    <property name="java.io.tmpdir" value="/tmp"/>
    <property name="java.version" value="21.0.7"/>
    <property name="user.dir" value="/home/louis/Downloads/Programming/Git/Chat-App/java-chat"/>
    <property name="os.arch" value="amd64"/>
    <property name="java.vm.specification.name" value="Java Virtual Machine Specification"/>
    <property name="native.encoding" value="UTF-8"/>
    <property name="java.library.path" value="/usr/java/packages/lib:/usr/lib64:/lib64:/lib:/usr/lib"/>
    <property name="java.vm.info" value="mixed mode, sharing"/>
    <property name="stderr.encoding" value="UTF-8"/>
    <property name="java.vendor" value="Arch Linux"/>
    <property name="java.vm.version" value="21.0.7+6"/>
    <property name="sun.io.unicode.encoding" value="UnicodeLittle"/>
    <property name="java.class.version" value="65.0"/>
  </properties>
  <testcase name="testApp" classname="com.chat.java.simple.AppTest" time="0.002"/>
</testsuite>